<?xml version="1.0" encoding="UTF-8"?>
<testsuite name="com.tekarch.TafFlightService.TafFlightServiceApplicationTests" tests="1" skipped="0" failures="0" errors="0" timestamp="2025-01-21T02:43:16" hostname="MacBookPro" time="0.522">
  <properties/>
  <testcase name="contextLoads()" classname="com.tekarch.TafFlightService.TafFlightServiceApplicationTests" time="0.522"/>
  <system-out><![CDATA[21:43:12.254 [Test worker] INFO org.springframework.test.context.support.AnnotationConfigContextLoaderUtils -- Could not detect default configuration classes for test class [com.tekarch.TafFlightService.TafFlightServiceApplicationTests]: TafFlightServiceApplicationTests does not declare any static, non-private, non-final, nested classes annotated with @Configuration.
21:43:12.366 [Test worker] INFO org.springframework.boot.test.context.SpringBootTestContextBootstrapper -- Found @SpringBootConfiguration com.tekarch.TafFlightService.TafFlightServiceApplication for test class com.tekarch.TafFlightService.TafFlightServiceApplicationTests

  .   ____          _            __ _ _
 /\\ / ___'_ __ _ _(_)_ __  __ _ \ \ \ \
( ( )\___ | '_ | '_| | '_ \/ _` | \ \ \ \
 \\/  ___)| |_)| | | | | || (_| |  ) ) ) )
  '  |____| .__|_| |_|_| |_\__, | / / / /
 =========|_|==============|___/=/_/_/_/

 :: Spring Boot ::                (v3.4.1)

2025-01-20T21:43:12.804-05:00  INFO 53183 --- [TafFlightService] [    Test worker] c.t.T.TafFlightServiceApplicationTests   : Starting TafFlightServiceApplicationTests using Java 17.0.12 with PID 53183 (started by bipanakoirala in /Users/bipanakoirala/ExamAssignment/TafFlightService)
2025-01-20T21:43:12.806-05:00  INFO 53183 --- [TafFlightService] [    Test worker] c.t.T.TafFlightServiceApplicationTests   : No active profile set, falling back to 1 default profile: "default"
2025-01-20T21:43:13.399-05:00  INFO 53183 --- [TafFlightService] [    Test worker] .s.d.r.c.RepositoryConfigurationDelegate : Bootstrapping Spring Data JPA repositories in DEFAULT mode.
2025-01-20T21:43:13.456-05:00  INFO 53183 --- [TafFlightService] [    Test worker] .s.d.r.c.RepositoryConfigurationDelegate : Finished Spring Data repository scanning in 47 ms. Found 1 JPA repository interface.
2025-01-20T21:43:13.897-05:00  INFO 53183 --- [TafFlightService] [    Test worker] o.hibernate.jpa.internal.util.LogHelper  : HHH000204: Processing PersistenceUnitInfo [name: default]
2025-01-20T21:43:13.948-05:00  INFO 53183 --- [TafFlightService] [    Test worker] org.hibernate.Version                    : HHH000412: Hibernate ORM core version 6.6.4.Final
2025-01-20T21:43:13.982-05:00  INFO 53183 --- [TafFlightService] [    Test worker] o.h.c.internal.RegionFactoryInitiator    : HHH000026: Second-level cache disabled
2025-01-20T21:43:14.269-05:00  INFO 53183 --- [TafFlightService] [    Test worker] o.s.o.j.p.SpringPersistenceUnitInfo      : No LoadTimeWeaver setup: ignoring JPA class transformer
2025-01-20T21:43:14.298-05:00  INFO 53183 --- [TafFlightService] [    Test worker] com.zaxxer.hikari.HikariDataSource       : HikariPool-1 - Starting...
2025-01-20T21:43:14.778-05:00  INFO 53183 --- [TafFlightService] [    Test worker] com.zaxxer.hikari.pool.HikariPool        : HikariPool-1 - Added connection com.mysql.cj.jdbc.ConnectionImpl@14656be5
2025-01-20T21:43:14.781-05:00  INFO 53183 --- [TafFlightService] [    Test worker] com.zaxxer.hikari.HikariDataSource       : HikariPool-1 - Start completed.
2025-01-20T21:43:14.886-05:00  WARN 53183 --- [TafFlightService] [    Test worker] org.hibernate.orm.deprecation            : HHH90000025: MySQLDialect does not need to be specified explicitly using 'hibernate.dialect' (remove the property setting and it will be selected by default)
2025-01-20T21:43:14.906-05:00  INFO 53183 --- [TafFlightService] [    Test worker] org.hibernate.orm.connections.pooling    : HHH10001005: Database info:
	Database JDBC URL [Connecting through datasource 'HikariDataSource (HikariPool-1)']
	Database driver: undefined/unknown
	Database version: 8.0.39
	Autocommit mode: undefined/unknown
	Isolation level: undefined/unknown
	Minimum pool size: undefined/unknown
	Maximum pool size: undefined/unknown
2025-01-20T21:43:15.592-05:00  INFO 53183 --- [TafFlightService] [    Test worker] o.h.e.t.j.p.i.JtaPlatformInitiator       : HHH000489: No JTA platform available (set 'hibernate.transaction.jta.platform' to enable JTA platform integration)
2025-01-20T21:43:15.732-05:00  INFO 53183 --- [TafFlightService] [    Test worker] j.LocalContainerEntityManagerFactoryBean : Initialized JPA EntityManagerFactory for persistence unit 'default'
2025-01-20T21:43:16.068-05:00  WARN 53183 --- [TafFlightService] [    Test worker] JpaBaseConfiguration$JpaWebConfiguration : spring.jpa.open-in-view is enabled by default. Therefore, database queries may be performed during view rendering. Explicitly configure spring.jpa.open-in-view to disable this warning
2025-01-20T21:43:16.440-05:00  INFO 53183 --- [TafFlightService] [    Test worker] c.t.T.TafFlightServiceApplicationTests   : Started TafFlightServiceApplicationTests in 3.895 seconds (process running for 5.007)
]]></system-out>
  <system-err><![CDATA[]]></system-err>
</testsuite>
